<?xml version="1.0" encoding="UTF-8"?>
<!-- Generated by org.testng.reporters.JUnitXMLReporter -->
<testsuite ignored="0" hostname="Kiran" failures="0" tests="5" name="Default test" time="0.323" errors="0" timestamp="2022-07-13T11:33:00 IST">
  <testcase classname="com.vtiger.comcast.genericutility.library.BaseClass" name="@BeforeClass beforeClassConfiguration" time="0.034">
    <failure type="java.lang.NullPointerException" message="Cannot invoke &amp;quot;String.equals(Object)&amp;quot; because &amp;quot;browser&amp;quot; is null">
      <![CDATA[java.lang.NullPointerException: Cannot invoke "String.equals(Object)" because "browser" is null
at com.vtiger.comcast.genericutility.library.BaseClass.beforeClassConfiguration(BaseClass.java:26)
at java.base/jdk.internal.reflect.NativeMethodAccessorImpl.invoke0(Native Method)
at java.base/jdk.internal.reflect.NativeMethodAccessorImpl.invoke(NativeMethodAccessorImpl.java:64)
at java.base/jdk.internal.reflect.DelegatingMethodAccessorImpl.invoke(DelegatingMethodAccessorImpl.java:43)
at java.base/java.lang.reflect.Method.invoke(Method.java:564)
at org.testng.internal.MethodInvocationHelper.invokeMethod(MethodInvocationHelper.java:133)
at org.testng.internal.MethodInvocationHelper.invokeMethodConsideringTimeout(MethodInvocationHelper.java:62)
at org.testng.internal.ConfigInvoker.invokeConfigurationMethod(ConfigInvoker.java:385)
at org.testng.internal.ConfigInvoker.invokeConfigurations(ConfigInvoker.java:321)
at org.testng.internal.TestMethodWorker.invokeBeforeClassMethods(TestMethodWorker.java:176)
at org.testng.internal.TestMethodWorker.run(TestMethodWorker.java:122)
at java.base/java.util.ArrayList.forEach(ArrayList.java:1511)
at org.testng.TestRunner.privateRun(TestRunner.java:794)
at org.testng.TestRunner.run(TestRunner.java:596)
at org.testng.SuiteRunner.runTest(SuiteRunner.java:377)
at org.testng.SuiteRunner.runSequentially(SuiteRunner.java:371)
at org.testng.SuiteRunner.privateRun(SuiteRunner.java:332)
at org.testng.SuiteRunner.run(SuiteRunner.java:276)
at org.testng.SuiteRunnerWorker.runSuite(SuiteRunnerWorker.java:53)
at org.testng.SuiteRunnerWorker.run(SuiteRunnerWorker.java:96)
at org.testng.TestNG.runSuitesSequentially(TestNG.java:1212)
at org.testng.TestNG.runSuitesLocally(TestNG.java:1134)
at org.testng.TestNG.runSuites(TestNG.java:1063)
at org.testng.TestNG.run(TestNG.java:1031)
at org.testng.remote.AbstractRemoteTestNG.run(AbstractRemoteTestNG.java:115)
at org.testng.remote.RemoteTestNG.initAndRun(RemoteTestNG.java:251)
at org.testng.remote.RemoteTestNG.main(RemoteTestNG.java:77)
]]>
    </failure>
  </testcase> <!-- @BeforeClass beforeClassConfiguration -->
  <testcase classname="com.vtiger.comcast.genericutility.library.BaseClass" name="@BeforeMethod beforeMethodConfiguration" time="-1.657692180665E9">
    <skipped/>
  </testcase> <!-- @BeforeMethod beforeMethodConfiguration -->
  <testcase classname="com.vtiger.comcast.genericutility.library.BaseClass" name="@AfterMethod afterMethodConfiguration" time="-1.657692180687E9">
    <skipped/>
  </testcase> <!-- @AfterMethod afterMethodConfiguration -->
  <testcase classname="com.vtiger.comcast.genericutility.library.BaseClass" name="@BeforeMethod beforeMethodConfiguration" time="-1.657692180703E9">
    <skipped/>
  </testcase> <!-- @BeforeMethod beforeMethodConfiguration -->
  <testcase classname="com.vtiger.comcast.genericutility.library.BaseClass" name="@AfterMethod afterMethodConfiguration" time="-1.657692180719E9">
    <skipped/>
  </testcase> <!-- @AfterMethod afterMethodConfiguration -->
  <testcase classname="com.vtiger.comcast.genericutility.library.BaseClass" name="@BeforeMethod beforeMethodConfiguration" time="-1.657692180725E9">
    <skipped/>
  </testcase> <!-- @BeforeMethod beforeMethodConfiguration -->
  <testcase classname="com.vtiger.comcast.genericutility.library.BaseClass" name="@AfterMethod afterMethodConfiguration" time="-1.65769218074E9">
    <skipped/>
  </testcase> <!-- @AfterMethod afterMethodConfiguration -->
  <testcase classname="com.vtiger.comcast.genericutility.library.BaseClass" name="@BeforeMethod beforeMethodConfiguration" time="-1.657692180749E9">
    <skipped/>
  </testcase> <!-- @BeforeMethod beforeMethodConfiguration -->
  <testcase classname="com.vtiger.comcast.genericutility.library.BaseClass" name="@AfterMethod afterMethodConfiguration" time="-1.657692180765E9">
    <skipped/>
  </testcase> <!-- @AfterMethod afterMethodConfiguration -->
  <testcase classname="com.vtiger.comcast.genericutility.library.BaseClass" name="@BeforeMethod beforeMethodConfiguration" time="-1.657692180776E9">
    <skipped/>
  </testcase> <!-- @BeforeMethod beforeMethodConfiguration -->
  <testcase classname="com.vtiger.comcast.genericutility.library.BaseClass" name="@AfterMethod afterMethodConfiguration" time="-1.657692180788E9">
    <skipped/>
  </testcase> <!-- @AfterMethod afterMethodConfiguration -->
  <testcase classname="com.vtiger.comcast.genericutility.library.BaseClass" name="@AfterClass afterClassConfiguration" time="-1.657692180795E9">
    <skipped/>
  </testcase> <!-- @AfterClass afterClassConfiguration -->
  <testcase classname="contact.CreateContactTest" name="CreatingContactwithAssignedToAdministratorTest" time="0.0">
    <skipped/>
  </testcase> <!-- CreatingContactwithAssignedToAdministratorTest -->
  <testcase classname="contact.CreateContactTest" name="CreatingContactwithAssignedToMarketingGroupTest" time="0.0">
    <skipped/>
  </testcase> <!-- CreatingContactwithAssignedToMarketingGroupTest -->
  <testcase classname="contact.CreateContactTest" name="CreatingContactwithAssignedToSupportGroupTest" time="0.0">
    <skipped/>
  </testcase> <!-- CreatingContactwithAssignedToSupportGroupTest -->
  <testcase classname="contact.CreateContactTest" name="CreatingContactwithAssignedToTeamSellingGroupTest" time="0.0">
    <skipped/>
  </testcase> <!-- CreatingContactwithAssignedToTeamSellingGroupTest -->
  <testcase classname="contact.CreateContactTest" name="CreatingContactwithLeadSource" time="0.0">
    <skipped/>
  </testcase> <!-- CreatingContactwithLeadSource -->
</testsuite> <!-- Default test -->
