<?xml version="1.0" encoding="UTF-8"?>
<!-- Generated by org.testng.reporters.JUnitXMLReporter -->
<testsuite ignored="4" hostname="Kiran" failures="0" tests="1" name="Default test" time="68.981" errors="0" timestamp="2021-09-11T12:50:07 IST">
  <testcase classname="contact.CreateContactTest" name="CreatingContactwithLeadSource" time="38.813"/>
  <testcase classname="contact.CreateContactTest" name="CreatingContactwithAssignedToSupportGroupTest" time="0.0">
    <ignored/>
  </testcase> <!-- CreatingContactwithAssignedToSupportGroupTest -->
  <testcase classname="contact.CreateContactTest" name="CreatingContactwithAssignedToTeamSellingGroupTest" time="0.0">
    <ignored/>
  </testcase> <!-- CreatingContactwithAssignedToTeamSellingGroupTest -->
  <testcase classname="contact.CreateContactTest" name="CreatingContactwithAssignedToMarketingGroupTest" time="0.0">
    <ignored/>
  </testcase> <!-- CreatingContactwithAssignedToMarketingGroupTest -->
  <testcase classname="contact.CreateContactTest" name="CreatingContactwithAssignedToAdministratorTest" time="0.0">
    <ignored/>
  </testcase> <!-- CreatingContactwithAssignedToAdministratorTest -->
</testsuite> <!-- Default test -->
