<?xml version="1.0" encoding="UTF-8"?>
<!-- Generated by org.testng.reporters.JUnitXMLReporter -->
<testsuite ignored="0" hostname="Kiran" failures="0" tests="5" name="CreateContactTest-runner1" time="235.125" errors="0" timestamp="2023-12-11T12:59:40 IST">
  <testcase classname="contact.CreateContactTest" name="CreatingContactwithAssignedToAdministratorTest" time="37.027"/>
  <testcase classname="contact.CreateContactTest" name="CreatingContactwithAssignedToMarketingGroupTest" time="24.111"/>
  <testcase classname="contact.CreateContactTest" name="CreatingContactwithAssignedToSupportGroupTest" time="27.263"/>
  <testcase classname="contact.CreateContactTest" name="CreatingContactwithAssignedToTeamSellingGroupTest" time="18.238"/>
  <testcase classname="contact.CreateContactTest" name="CreatingContactwithLeadSource" time="15.182"/>
</testsuite> <!-- CreateContactTest-runner1 -->
