<?xml version="1.0" encoding="UTF-8"?>
<!-- Generated by org.testng.reporters.JUnitXMLReporter -->
<testsuite ignored="0" hostname="Kiran" failures="0" tests="5" name="CreateContactTest-runner2" time="234.783" errors="0" timestamp="2023-12-11T12:59:40 IST">
  <testcase classname="contact.CreateContactTest" name="CreatingContactwithAssignedToAdministratorTest" time="36.123"/>
  <testcase classname="contact.CreateContactTest" name="CreatingContactwithAssignedToMarketingGroupTest" time="23.957"/>
  <testcase classname="contact.CreateContactTest" name="CreatingContactwithAssignedToSupportGroupTest" time="25.225"/>
  <testcase classname="contact.CreateContactTest" name="CreatingContactwithAssignedToTeamSellingGroupTest" time="18.934"/>
  <testcase classname="contact.CreateContactTest" name="CreatingContactwithLeadSource" time="12.667"/>
</testsuite> <!-- CreateContactTest-runner2 -->
