<?xml version="1.0" encoding="UTF-8"?>
<!-- Generated by org.testng.reporters.JUnitXMLReporter -->
<testsuite ignored="4" hostname="Kiran" failures="0" tests="1" name="CreateContactTest" time="66.633" errors="0" timestamp="2023-12-06T11:20:52 IST">
  <testcase classname="contact.CreateContactTest" name="CreatingContactwithAssignedToSupportGroupTest" time="28.649"/>
  <testcase classname="contact.CreateContactTest" name="CreatingContactwithAssignedToTeamSellingGroupTest" time="0.0">
    <ignored/>
  </testcase> <!-- CreatingContactwithAssignedToTeamSellingGroupTest -->
  <testcase classname="contact.CreateContactTest" name="CreatingContactwithAssignedToMarketingGroupTest" time="0.0">
    <ignored/>
  </testcase> <!-- CreatingContactwithAssignedToMarketingGroupTest -->
  <testcase classname="contact.CreateContactTest" name="CreatingContactwithAssignedToAdministratorTest" time="0.0">
    <ignored/>
  </testcase> <!-- CreatingContactwithAssignedToAdministratorTest -->
  <testcase classname="contact.CreateContactTest" name="CreatingContactwithLeadSource" time="0.0">
    <ignored/>
  </testcase> <!-- CreatingContactwithLeadSource -->
</testsuite> <!-- CreateContactTest -->
