<?xml version="1.0" encoding="UTF-8"?>
<!-- Generated by org.testng.reporters.JUnitXMLReporter -->
<testsuite ignored="4" hostname="Kiran" failures="0" tests="1" name="CreateContactTest" time="0.347" errors="0" timestamp="2022-07-13T11:30:53 IST">
  <testcase classname="com.vtiger.comcast.genericutility.library.BaseClass" name="@BeforeClass beforeClassConfiguration" time="0.036">
    <failure type="java.lang.NullPointerException" message="Cannot invoke &amp;quot;String.equals(Object)&amp;quot; because &amp;quot;browser&amp;quot; is null">
      <![CDATA[java.lang.NullPointerException: Cannot invoke "String.equals(Object)" because "browser" is null
at com.vtiger.comcast.genericutility.library.BaseClass.beforeClassConfiguration(BaseClass.java:26)
at java.base/java.util.ArrayList.forEach(ArrayList.java:1511)
... Removed 25 stack frames]]>
    </failure>
  </testcase> <!-- @BeforeClass beforeClassConfiguration -->
  <testcase classname="com.vtiger.comcast.genericutility.library.BaseClass" name="@BeforeMethod beforeMethodConfiguration" time="-1.657692053086E9">
    <skipped/>
  </testcase> <!-- @BeforeMethod beforeMethodConfiguration -->
  <testcase classname="com.vtiger.comcast.genericutility.library.BaseClass" name="@AfterMethod afterMethodConfiguration" time="-1.657692053129E9">
    <skipped/>
  </testcase> <!-- @AfterMethod afterMethodConfiguration -->
  <testcase classname="com.vtiger.comcast.genericutility.library.BaseClass" name="@AfterClass afterClassConfiguration" time="-1.657692053154E9">
    <skipped/>
  </testcase> <!-- @AfterClass afterClassConfiguration -->
  <testcase classname="contact.CreateContactTest" name="CreatingContactwithAssignedToSupportGroupTest" time="0.0">
    <skipped/>
  </testcase> <!-- CreatingContactwithAssignedToSupportGroupTest -->
  <testcase classname="contact.CreateContactTest" name="CreatingContactwithAssignedToTeamSellingGroupTest" time="0.0">
    <ignored/>
  </testcase> <!-- CreatingContactwithAssignedToTeamSellingGroupTest -->
  <testcase classname="contact.CreateContactTest" name="CreatingContactwithAssignedToMarketingGroupTest" time="0.0">
    <ignored/>
  </testcase> <!-- CreatingContactwithAssignedToMarketingGroupTest -->
  <testcase classname="contact.CreateContactTest" name="CreatingContactwithAssignedToAdministratorTest" time="0.0">
    <ignored/>
  </testcase> <!-- CreatingContactwithAssignedToAdministratorTest -->
  <testcase classname="contact.CreateContactTest" name="CreatingContactwithLeadSource" time="0.0">
    <ignored/>
  </testcase> <!-- CreatingContactwithLeadSource -->
</testsuite> <!-- CreateContactTest -->
