<?xml version="1.0" encoding="UTF-8"?>
<!-- Generated by org.testng.reporters.JUnitXMLReporter -->
<testsuite ignored="2" hostname="Kiran" failures="0" tests="0" name="Test" time="53.548" errors="0" timestamp="2023-12-11T12:54:10 IST">
  <testcase classname="contact.ExtendBase" name="@BeforeSuite beforeSuitConfiguration" time="0.0">
    <ignored/>
  </testcase> <!-- @BeforeSuite beforeSuitConfiguration -->
  <testcase classname="contact.ExtendBase" name="@AfterSuite afterSuitConfiguration" time="0.0">
    <ignored/>
  </testcase> <!-- @AfterSuite afterSuitConfiguration -->
</testsuite> <!-- Test -->
