<?xml version="1.0" encoding="UTF-8"?>
<testng-results ignored="0" total="5" passed="0" failed="0" skipped="5">
  <reporter-output>
  </reporter-output>
  <suite started-at="2023-11-28T13:04:45 IST" name="Default suite" finished-at="2023-11-28T13:04:48 IST" duration-ms="3191">
    <groups>
      <group name="smoke-testing">
        <method signature="CreateContactTest.CreatingContactwithLeadSource()[pri:0, instance:contact.CreateContactTest@209da20d]" name="CreatingContactwithLeadSource" class="contact.CreateContactTest"/>
      </group> <!-- smoke-testing -->
      <group name="regression-testing">
        <method signature="CreateContactTest.CreatingContactwithAssignedToAdministratorTest()[pri:0, instance:contact.CreateContactTest@209da20d]" name="CreatingContactwithAssignedToAdministratorTest" class="contact.CreateContactTest"/>
        <method signature="CreateContactTest.CreatingContactwithAssignedToMarketingGroupTest()[pri:0, instance:contact.CreateContactTest@209da20d]" name="CreatingContactwithAssignedToMarketingGroupTest" class="contact.CreateContactTest"/>
        <method signature="CreateContactTest.CreatingContactwithAssignedToSupportGroupTest()[pri:0, instance:contact.CreateContactTest@209da20d]" name="CreatingContactwithAssignedToSupportGroupTest" class="contact.CreateContactTest"/>
        <method signature="CreateContactTest.CreatingContactwithAssignedToTeamSellingGroupTest()[pri:0, instance:contact.CreateContactTest@209da20d]" name="CreatingContactwithAssignedToTeamSellingGroupTest" class="contact.CreateContactTest"/>
        <method signature="CreateContactTest.CreatingContactwithLeadSource()[pri:0, instance:contact.CreateContactTest@209da20d]" name="CreatingContactwithLeadSource" class="contact.CreateContactTest"/>
      </group> <!-- regression-testing -->
    </groups>
    <test started-at="2023-11-28T13:04:45 IST" name="Default test" finished-at="2023-11-28T13:04:48 IST" duration-ms="3191">
      <class name="contact.CreateContactTest">
        <test-method is-config="true" signature="beforeClassConfiguration()[pri:0, instance:contact.CreateContactTest@209da20d]" started-at="2023-11-28T13:04:45 IST" name="beforeClassConfiguration" finished-at="2023-11-28T13:04:48 IST" duration-ms="2994" status="FAIL">
          <exception class="org.openqa.selenium.SessionNotCreatedException">
            <message>
              <![CDATA[session not created: This version of ChromeDriver only supports Chrome version 114
Current browser version is 119.0.6045.160 with binary path C:\Program Files\Google\Chrome\Application\chrome.exe
Build info: version: '3.141.59', revision: 'e82be7d358', time: '2018-11-14T08:17:03'
System info: host: 'KIRAN', ip: '192.168.137.1', os.name: 'Windows 10', os.arch: 'amd64', os.version: '10.0', java.version: '15.0.2'
Driver info: driver.version: ChromeDriver
remote stacktrace: Backtrace:
GetHandleVerifier [0x00A2A813+48355]
(No symbol) [0x009BC4B1]
(No symbol) [0x008C5358]
(No symbol) [0x008E61AC]
(No symbol) [0x008E1EF3]
(No symbol) [0x008E0579]
(No symbol) [0x00910C55]
(No symbol) [0x0091093C]
(No symbol) [0x0090A536]
(No symbol) [0x008E82DC]
(No symbol) [0x008E93DD]
GetHandleVerifier [0x00C8AABD+2539405]
GetHandleVerifier [0x00CCA78F+2800735]
GetHandleVerifier [0x00CC456C+2775612]
GetHandleVerifier [0x00AB51E0+616112]
(No symbol) [0x009C5F8C]
(No symbol) [0x009C2328]
(No symbol) [0x009C240B]
(No symbol) [0x009B4FF7]
BaseThreadInitThunk [0x767CFCC9+25]
RtlGetAppContainerNamedObjectPath [0x77D57C6E+286]
RtlGetAppContainerNamedObjectPath [0x77D57C3E+238]
]]>
            </message>
            <full-stacktrace>
              <![CDATA[org.openqa.selenium.SessionNotCreatedException: session not created: This version of ChromeDriver only supports Chrome version 114
Current browser version is 119.0.6045.160 with binary path C:\Program Files\Google\Chrome\Application\chrome.exe
Build info: version: '3.141.59', revision: 'e82be7d358', time: '2018-11-14T08:17:03'
System info: host: 'KIRAN', ip: '192.168.137.1', os.name: 'Windows 10', os.arch: 'amd64', os.version: '10.0', java.version: '15.0.2'
Driver info: driver.version: ChromeDriver
remote stacktrace: Backtrace:
GetHandleVerifier [0x00A2A813+48355]
(No symbol) [0x009BC4B1]
(No symbol) [0x008C5358]
(No symbol) [0x008E61AC]
(No symbol) [0x008E1EF3]
(No symbol) [0x008E0579]
(No symbol) [0x00910C55]
(No symbol) [0x0091093C]
(No symbol) [0x0090A536]
(No symbol) [0x008E82DC]
(No symbol) [0x008E93DD]
GetHandleVerifier [0x00C8AABD+2539405]
GetHandleVerifier [0x00CCA78F+2800735]
GetHandleVerifier [0x00CC456C+2775612]
GetHandleVerifier [0x00AB51E0+616112]
(No symbol) [0x009C5F8C]
(No symbol) [0x009C2328]
(No symbol) [0x009C240B]
(No symbol) [0x009B4FF7]
BaseThreadInitThunk [0x767CFCC9+25]
RtlGetAppContainerNamedObjectPath [0x77D57C6E+286]
RtlGetAppContainerNamedObjectPath [0x77D57C3E+238]

at java.base/jdk.internal.reflect.NativeConstructorAccessorImpl.newInstance0(Native Method)
at java.base/jdk.internal.reflect.NativeConstructorAccessorImpl.newInstance(NativeConstructorAccessorImpl.java:64)
at java.base/jdk.internal.reflect.DelegatingConstructorAccessorImpl.newInstance(DelegatingConstructorAccessorImpl.java:45)
at java.base/java.lang.reflect.Constructor.newInstanceWithCaller(Constructor.java:500)
at java.base/java.lang.reflect.Constructor.newInstance(Constructor.java:481)
at org.openqa.selenium.remote.W3CHandshakeResponse.lambda$errorHandler$0(W3CHandshakeResponse.java:62)
at org.openqa.selenium.remote.HandshakeResponse.lambda$getResponseFunction$0(HandshakeResponse.java:30)
at org.openqa.selenium.remote.ProtocolHandshake.lambda$createSession$0(ProtocolHandshake.java:126)
at java.base/java.util.stream.ReferencePipeline$3$1.accept(ReferencePipeline.java:195)
at java.base/java.util.Spliterators$ArraySpliterator.tryAdvance(Spliterators.java:958)
at java.base/java.util.stream.ReferencePipeline.forEachWithCancel(ReferencePipeline.java:127)
at java.base/java.util.stream.AbstractPipeline.copyIntoWithCancel(AbstractPipeline.java:502)
at java.base/java.util.stream.AbstractPipeline.copyInto(AbstractPipeline.java:488)
at java.base/java.util.stream.AbstractPipeline.wrapAndCopyInto(AbstractPipeline.java:474)
at java.base/java.util.stream.FindOps$FindOp.evaluateSequential(FindOps.java:150)
at java.base/java.util.stream.AbstractPipeline.evaluate(AbstractPipeline.java:234)
at java.base/java.util.stream.ReferencePipeline.findFirst(ReferencePipeline.java:543)
at org.openqa.selenium.remote.ProtocolHandshake.createSession(ProtocolHandshake.java:128)
at org.openqa.selenium.remote.ProtocolHandshake.createSession(ProtocolHandshake.java:74)
at org.openqa.selenium.remote.HttpCommandExecutor.execute(HttpCommandExecutor.java:136)
at org.openqa.selenium.remote.service.DriverCommandExecutor.execute(DriverCommandExecutor.java:83)
at org.openqa.selenium.remote.RemoteWebDriver.execute(RemoteWebDriver.java:552)
at org.openqa.selenium.remote.RemoteWebDriver.startSession(RemoteWebDriver.java:213)
at org.openqa.selenium.remote.RemoteWebDriver.<init>(RemoteWebDriver.java:131)
at org.openqa.selenium.chrome.ChromeDriver.<init>(ChromeDriver.java:181)
at org.openqa.selenium.chrome.ChromeDriver.<init>(ChromeDriver.java:168)
at org.openqa.selenium.chrome.ChromeDriver.<init>(ChromeDriver.java:123)
at com.vtiger.comcast.genericutility.library.BaseClass.beforeClassConfiguration(BaseClass.java:28)
at java.base/jdk.internal.reflect.NativeMethodAccessorImpl.invoke0(Native Method)
at java.base/jdk.internal.reflect.NativeMethodAccessorImpl.invoke(NativeMethodAccessorImpl.java:64)
at java.base/jdk.internal.reflect.DelegatingMethodAccessorImpl.invoke(DelegatingMethodAccessorImpl.java:43)
at java.base/java.lang.reflect.Method.invoke(Method.java:564)
at org.testng.internal.MethodInvocationHelper.invokeMethod(MethodInvocationHelper.java:133)
at org.testng.internal.MethodInvocationHelper.invokeMethodConsideringTimeout(MethodInvocationHelper.java:62)
at org.testng.internal.ConfigInvoker.invokeConfigurationMethod(ConfigInvoker.java:385)
at org.testng.internal.ConfigInvoker.invokeConfigurations(ConfigInvoker.java:321)
at org.testng.internal.TestMethodWorker.invokeBeforeClassMethods(TestMethodWorker.java:176)
at org.testng.internal.TestMethodWorker.run(TestMethodWorker.java:122)
at java.base/java.util.ArrayList.forEach(ArrayList.java:1511)
at org.testng.TestRunner.privateRun(TestRunner.java:794)
at org.testng.TestRunner.run(TestRunner.java:596)
at org.testng.SuiteRunner.runTest(SuiteRunner.java:377)
at org.testng.SuiteRunner.runSequentially(SuiteRunner.java:371)
at org.testng.SuiteRunner.privateRun(SuiteRunner.java:332)
at org.testng.SuiteRunner.run(SuiteRunner.java:276)
at org.testng.SuiteRunnerWorker.runSuite(SuiteRunnerWorker.java:53)
at org.testng.SuiteRunnerWorker.run(SuiteRunnerWorker.java:96)
at org.testng.TestNG.runSuitesSequentially(TestNG.java:1212)
at org.testng.TestNG.runSuitesLocally(TestNG.java:1134)
at org.testng.TestNG.runSuites(TestNG.java:1063)
at org.testng.TestNG.run(TestNG.java:1031)
at org.testng.remote.AbstractRemoteTestNG.run(AbstractRemoteTestNG.java:115)
at org.testng.remote.RemoteTestNG.initAndRun(RemoteTestNG.java:251)
at org.testng.remote.RemoteTestNG.main(RemoteTestNG.java:77)
]]>
            </full-stacktrace>
          </exception> <!-- org.openqa.selenium.SessionNotCreatedException -->
          <reporter-output>
          </reporter-output>
        </test-method> <!-- beforeClassConfiguration -->
        <test-method is-config="true" signature="beforeMethodConfiguration()[pri:0, instance:contact.CreateContactTest@209da20d]" started-at="2023-11-28T13:04:48 IST" name="beforeMethodConfiguration" finished-at="1970-01-01T05:30:00 IST" duration-ms="-1701156888744" status="SKIP">
          <reporter-output>
          </reporter-output>
        </test-method> <!-- beforeMethodConfiguration -->
        <test-method signature="CreatingContactwithAssignedToAdministratorTest()[pri:0, instance:contact.CreateContactTest@209da20d]" started-at="2023-11-28T13:04:48 IST" name="CreatingContactwithAssignedToAdministratorTest" finished-at="2023-11-28T13:04:48 IST" duration-ms="0" status="SKIP">
          <exception class="org.openqa.selenium.SessionNotCreatedException">
            <message>
              <![CDATA[session not created: This version of ChromeDriver only supports Chrome version 114
Current browser version is 119.0.6045.160 with binary path C:\Program Files\Google\Chrome\Application\chrome.exe
Build info: version: '3.141.59', revision: 'e82be7d358', time: '2018-11-14T08:17:03'
System info: host: 'KIRAN', ip: '192.168.137.1', os.name: 'Windows 10', os.arch: 'amd64', os.version: '10.0', java.version: '15.0.2'
Driver info: driver.version: ChromeDriver
remote stacktrace: Backtrace:
GetHandleVerifier [0x00A2A813+48355]
(No symbol) [0x009BC4B1]
(No symbol) [0x008C5358]
(No symbol) [0x008E61AC]
(No symbol) [0x008E1EF3]
(No symbol) [0x008E0579]
(No symbol) [0x00910C55]
(No symbol) [0x0091093C]
(No symbol) [0x0090A536]
(No symbol) [0x008E82DC]
(No symbol) [0x008E93DD]
GetHandleVerifier [0x00C8AABD+2539405]
GetHandleVerifier [0x00CCA78F+2800735]
GetHandleVerifier [0x00CC456C+2775612]
GetHandleVerifier [0x00AB51E0+616112]
(No symbol) [0x009C5F8C]
(No symbol) [0x009C2328]
(No symbol) [0x009C240B]
(No symbol) [0x009B4FF7]
BaseThreadInitThunk [0x767CFCC9+25]
RtlGetAppContainerNamedObjectPath [0x77D57C6E+286]
RtlGetAppContainerNamedObjectPath [0x77D57C3E+238]
]]>
            </message>
            <full-stacktrace>
              <![CDATA[org.openqa.selenium.SessionNotCreatedException: session not created: This version of ChromeDriver only supports Chrome version 114
Current browser version is 119.0.6045.160 with binary path C:\Program Files\Google\Chrome\Application\chrome.exe
Build info: version: '3.141.59', revision: 'e82be7d358', time: '2018-11-14T08:17:03'
System info: host: 'KIRAN', ip: '192.168.137.1', os.name: 'Windows 10', os.arch: 'amd64', os.version: '10.0', java.version: '15.0.2'
Driver info: driver.version: ChromeDriver
remote stacktrace: Backtrace:
GetHandleVerifier [0x00A2A813+48355]
(No symbol) [0x009BC4B1]
(No symbol) [0x008C5358]
(No symbol) [0x008E61AC]
(No symbol) [0x008E1EF3]
(No symbol) [0x008E0579]
(No symbol) [0x00910C55]
(No symbol) [0x0091093C]
(No symbol) [0x0090A536]
(No symbol) [0x008E82DC]
(No symbol) [0x008E93DD]
GetHandleVerifier [0x00C8AABD+2539405]
GetHandleVerifier [0x00CCA78F+2800735]
GetHandleVerifier [0x00CC456C+2775612]
GetHandleVerifier [0x00AB51E0+616112]
(No symbol) [0x009C5F8C]
(No symbol) [0x009C2328]
(No symbol) [0x009C240B]
(No symbol) [0x009B4FF7]
BaseThreadInitThunk [0x767CFCC9+25]
RtlGetAppContainerNamedObjectPath [0x77D57C6E+286]
RtlGetAppContainerNamedObjectPath [0x77D57C3E+238]

at java.base/jdk.internal.reflect.NativeConstructorAccessorImpl.newInstance0(Native Method)
at java.base/jdk.internal.reflect.NativeConstructorAccessorImpl.newInstance(NativeConstructorAccessorImpl.java:64)
at java.base/jdk.internal.reflect.DelegatingConstructorAccessorImpl.newInstance(DelegatingConstructorAccessorImpl.java:45)
at java.base/java.lang.reflect.Constructor.newInstanceWithCaller(Constructor.java:500)
at java.base/java.lang.reflect.Constructor.newInstance(Constructor.java:481)
at org.openqa.selenium.remote.W3CHandshakeResponse.lambda$errorHandler$0(W3CHandshakeResponse.java:62)
at org.openqa.selenium.remote.HandshakeResponse.lambda$getResponseFunction$0(HandshakeResponse.java:30)
at org.openqa.selenium.remote.ProtocolHandshake.lambda$createSession$0(ProtocolHandshake.java:126)
at java.base/java.util.stream.ReferencePipeline$3$1.accept(ReferencePipeline.java:195)
at java.base/java.util.Spliterators$ArraySpliterator.tryAdvance(Spliterators.java:958)
at java.base/java.util.stream.ReferencePipeline.forEachWithCancel(ReferencePipeline.java:127)
at java.base/java.util.stream.AbstractPipeline.copyIntoWithCancel(AbstractPipeline.java:502)
at java.base/java.util.stream.AbstractPipeline.copyInto(AbstractPipeline.java:488)
at java.base/java.util.stream.AbstractPipeline.wrapAndCopyInto(AbstractPipeline.java:474)
at java.base/java.util.stream.FindOps$FindOp.evaluateSequential(FindOps.java:150)
at java.base/java.util.stream.AbstractPipeline.evaluate(AbstractPipeline.java:234)
at java.base/java.util.stream.ReferencePipeline.findFirst(ReferencePipeline.java:543)
at org.openqa.selenium.remote.ProtocolHandshake.createSession(ProtocolHandshake.java:128)
at org.openqa.selenium.remote.ProtocolHandshake.createSession(ProtocolHandshake.java:74)
at org.openqa.selenium.remote.HttpCommandExecutor.execute(HttpCommandExecutor.java:136)
at org.openqa.selenium.remote.service.DriverCommandExecutor.execute(DriverCommandExecutor.java:83)
at org.openqa.selenium.remote.RemoteWebDriver.execute(RemoteWebDriver.java:552)
at org.openqa.selenium.remote.RemoteWebDriver.startSession(RemoteWebDriver.java:213)
at org.openqa.selenium.remote.RemoteWebDriver.<init>(RemoteWebDriver.java:131)
at org.openqa.selenium.chrome.ChromeDriver.<init>(ChromeDriver.java:181)
at org.openqa.selenium.chrome.ChromeDriver.<init>(ChromeDriver.java:168)
at org.openqa.selenium.chrome.ChromeDriver.<init>(ChromeDriver.java:123)
at com.vtiger.comcast.genericutility.library.BaseClass.beforeClassConfiguration(BaseClass.java:28)
at java.base/jdk.internal.reflect.NativeMethodAccessorImpl.invoke0(Native Method)
at java.base/jdk.internal.reflect.NativeMethodAccessorImpl.invoke(NativeMethodAccessorImpl.java:64)
at java.base/jdk.internal.reflect.DelegatingMethodAccessorImpl.invoke(DelegatingMethodAccessorImpl.java:43)
at java.base/java.lang.reflect.Method.invoke(Method.java:564)
at org.testng.internal.MethodInvocationHelper.invokeMethod(MethodInvocationHelper.java:133)
at org.testng.internal.MethodInvocationHelper.invokeMethodConsideringTimeout(MethodInvocationHelper.java:62)
at org.testng.internal.ConfigInvoker.invokeConfigurationMethod(ConfigInvoker.java:385)
at org.testng.internal.ConfigInvoker.invokeConfigurations(ConfigInvoker.java:321)
at org.testng.internal.TestMethodWorker.invokeBeforeClassMethods(TestMethodWorker.java:176)
at org.testng.internal.TestMethodWorker.run(TestMethodWorker.java:122)
at java.base/java.util.ArrayList.forEach(ArrayList.java:1511)
at org.testng.TestRunner.privateRun(TestRunner.java:794)
at org.testng.TestRunner.run(TestRunner.java:596)
at org.testng.SuiteRunner.runTest(SuiteRunner.java:377)
at org.testng.SuiteRunner.runSequentially(SuiteRunner.java:371)
at org.testng.SuiteRunner.privateRun(SuiteRunner.java:332)
at org.testng.SuiteRunner.run(SuiteRunner.java:276)
at org.testng.SuiteRunnerWorker.runSuite(SuiteRunnerWorker.java:53)
at org.testng.SuiteRunnerWorker.run(SuiteRunnerWorker.java:96)
at org.testng.TestNG.runSuitesSequentially(TestNG.java:1212)
at org.testng.TestNG.runSuitesLocally(TestNG.java:1134)
at org.testng.TestNG.runSuites(TestNG.java:1063)
at org.testng.TestNG.run(TestNG.java:1031)
at org.testng.remote.AbstractRemoteTestNG.run(AbstractRemoteTestNG.java:115)
at org.testng.remote.RemoteTestNG.initAndRun(RemoteTestNG.java:251)
at org.testng.remote.RemoteTestNG.main(RemoteTestNG.java:77)
]]>
            </full-stacktrace>
          </exception> <!-- org.openqa.selenium.SessionNotCreatedException -->
          <reporter-output>
          </reporter-output>
        </test-method> <!-- CreatingContactwithAssignedToAdministratorTest -->
        <test-method is-config="true" signature="afterMethodConfiguration()[pri:0, instance:contact.CreateContactTest@209da20d]" started-at="2023-11-28T13:04:48 IST" name="afterMethodConfiguration" finished-at="1970-01-01T05:30:00 IST" duration-ms="-1701156888761" status="SKIP">
          <reporter-output>
          </reporter-output>
        </test-method> <!-- afterMethodConfiguration -->
        <test-method is-config="true" signature="beforeMethodConfiguration()[pri:0, instance:contact.CreateContactTest@209da20d]" started-at="2023-11-28T13:04:48 IST" name="beforeMethodConfiguration" finished-at="1970-01-01T05:30:00 IST" duration-ms="-1701156888764" status="SKIP">
          <reporter-output>
          </reporter-output>
        </test-method> <!-- beforeMethodConfiguration -->
        <test-method signature="CreatingContactwithAssignedToMarketingGroupTest()[pri:0, instance:contact.CreateContactTest@209da20d]" started-at="2023-11-28T13:04:48 IST" name="CreatingContactwithAssignedToMarketingGroupTest" finished-at="2023-11-28T13:04:48 IST" duration-ms="0" status="SKIP">
          <exception class="org.openqa.selenium.SessionNotCreatedException">
            <message>
              <![CDATA[session not created: This version of ChromeDriver only supports Chrome version 114
Current browser version is 119.0.6045.160 with binary path C:\Program Files\Google\Chrome\Application\chrome.exe
Build info: version: '3.141.59', revision: 'e82be7d358', time: '2018-11-14T08:17:03'
System info: host: 'KIRAN', ip: '192.168.137.1', os.name: 'Windows 10', os.arch: 'amd64', os.version: '10.0', java.version: '15.0.2'
Driver info: driver.version: ChromeDriver
remote stacktrace: Backtrace:
GetHandleVerifier [0x00A2A813+48355]
(No symbol) [0x009BC4B1]
(No symbol) [0x008C5358]
(No symbol) [0x008E61AC]
(No symbol) [0x008E1EF3]
(No symbol) [0x008E0579]
(No symbol) [0x00910C55]
(No symbol) [0x0091093C]
(No symbol) [0x0090A536]
(No symbol) [0x008E82DC]
(No symbol) [0x008E93DD]
GetHandleVerifier [0x00C8AABD+2539405]
GetHandleVerifier [0x00CCA78F+2800735]
GetHandleVerifier [0x00CC456C+2775612]
GetHandleVerifier [0x00AB51E0+616112]
(No symbol) [0x009C5F8C]
(No symbol) [0x009C2328]
(No symbol) [0x009C240B]
(No symbol) [0x009B4FF7]
BaseThreadInitThunk [0x767CFCC9+25]
RtlGetAppContainerNamedObjectPath [0x77D57C6E+286]
RtlGetAppContainerNamedObjectPath [0x77D57C3E+238]
]]>
            </message>
            <full-stacktrace>
              <![CDATA[org.openqa.selenium.SessionNotCreatedException: session not created: This version of ChromeDriver only supports Chrome version 114
Current browser version is 119.0.6045.160 with binary path C:\Program Files\Google\Chrome\Application\chrome.exe
Build info: version: '3.141.59', revision: 'e82be7d358', time: '2018-11-14T08:17:03'
System info: host: 'KIRAN', ip: '192.168.137.1', os.name: 'Windows 10', os.arch: 'amd64', os.version: '10.0', java.version: '15.0.2'
Driver info: driver.version: ChromeDriver
remote stacktrace: Backtrace:
GetHandleVerifier [0x00A2A813+48355]
(No symbol) [0x009BC4B1]
(No symbol) [0x008C5358]
(No symbol) [0x008E61AC]
(No symbol) [0x008E1EF3]
(No symbol) [0x008E0579]
(No symbol) [0x00910C55]
(No symbol) [0x0091093C]
(No symbol) [0x0090A536]
(No symbol) [0x008E82DC]
(No symbol) [0x008E93DD]
GetHandleVerifier [0x00C8AABD+2539405]
GetHandleVerifier [0x00CCA78F+2800735]
GetHandleVerifier [0x00CC456C+2775612]
GetHandleVerifier [0x00AB51E0+616112]
(No symbol) [0x009C5F8C]
(No symbol) [0x009C2328]
(No symbol) [0x009C240B]
(No symbol) [0x009B4FF7]
BaseThreadInitThunk [0x767CFCC9+25]
RtlGetAppContainerNamedObjectPath [0x77D57C6E+286]
RtlGetAppContainerNamedObjectPath [0x77D57C3E+238]

at java.base/jdk.internal.reflect.NativeConstructorAccessorImpl.newInstance0(Native Method)
at java.base/jdk.internal.reflect.NativeConstructorAccessorImpl.newInstance(NativeConstructorAccessorImpl.java:64)
at java.base/jdk.internal.reflect.DelegatingConstructorAccessorImpl.newInstance(DelegatingConstructorAccessorImpl.java:45)
at java.base/java.lang.reflect.Constructor.newInstanceWithCaller(Constructor.java:500)
at java.base/java.lang.reflect.Constructor.newInstance(Constructor.java:481)
at org.openqa.selenium.remote.W3CHandshakeResponse.lambda$errorHandler$0(W3CHandshakeResponse.java:62)
at org.openqa.selenium.remote.HandshakeResponse.lambda$getResponseFunction$0(HandshakeResponse.java:30)
at org.openqa.selenium.remote.ProtocolHandshake.lambda$createSession$0(ProtocolHandshake.java:126)
at java.base/java.util.stream.ReferencePipeline$3$1.accept(ReferencePipeline.java:195)
at java.base/java.util.Spliterators$ArraySpliterator.tryAdvance(Spliterators.java:958)
at java.base/java.util.stream.ReferencePipeline.forEachWithCancel(ReferencePipeline.java:127)
at java.base/java.util.stream.AbstractPipeline.copyIntoWithCancel(AbstractPipeline.java:502)
at java.base/java.util.stream.AbstractPipeline.copyInto(AbstractPipeline.java:488)
at java.base/java.util.stream.AbstractPipeline.wrapAndCopyInto(AbstractPipeline.java:474)
at java.base/java.util.stream.FindOps$FindOp.evaluateSequential(FindOps.java:150)
at java.base/java.util.stream.AbstractPipeline.evaluate(AbstractPipeline.java:234)
at java.base/java.util.stream.ReferencePipeline.findFirst(ReferencePipeline.java:543)
at org.openqa.selenium.remote.ProtocolHandshake.createSession(ProtocolHandshake.java:128)
at org.openqa.selenium.remote.ProtocolHandshake.createSession(ProtocolHandshake.java:74)
at org.openqa.selenium.remote.HttpCommandExecutor.execute(HttpCommandExecutor.java:136)
at org.openqa.selenium.remote.service.DriverCommandExecutor.execute(DriverCommandExecutor.java:83)
at org.openqa.selenium.remote.RemoteWebDriver.execute(RemoteWebDriver.java:552)
at org.openqa.selenium.remote.RemoteWebDriver.startSession(RemoteWebDriver.java:213)
at org.openqa.selenium.remote.RemoteWebDriver.<init>(RemoteWebDriver.java:131)
at org.openqa.selenium.chrome.ChromeDriver.<init>(ChromeDriver.java:181)
at org.openqa.selenium.chrome.ChromeDriver.<init>(ChromeDriver.java:168)
at org.openqa.selenium.chrome.ChromeDriver.<init>(ChromeDriver.java:123)
at com.vtiger.comcast.genericutility.library.BaseClass.beforeClassConfiguration(BaseClass.java:28)
at java.base/jdk.internal.reflect.NativeMethodAccessorImpl.invoke0(Native Method)
at java.base/jdk.internal.reflect.NativeMethodAccessorImpl.invoke(NativeMethodAccessorImpl.java:64)
at java.base/jdk.internal.reflect.DelegatingMethodAccessorImpl.invoke(DelegatingMethodAccessorImpl.java:43)
at java.base/java.lang.reflect.Method.invoke(Method.java:564)
at org.testng.internal.MethodInvocationHelper.invokeMethod(MethodInvocationHelper.java:133)
at org.testng.internal.MethodInvocationHelper.invokeMethodConsideringTimeout(MethodInvocationHelper.java:62)
at org.testng.internal.ConfigInvoker.invokeConfigurationMethod(ConfigInvoker.java:385)
at org.testng.internal.ConfigInvoker.invokeConfigurations(ConfigInvoker.java:321)
at org.testng.internal.TestMethodWorker.invokeBeforeClassMethods(TestMethodWorker.java:176)
at org.testng.internal.TestMethodWorker.run(TestMethodWorker.java:122)
at java.base/java.util.ArrayList.forEach(ArrayList.java:1511)
at org.testng.TestRunner.privateRun(TestRunner.java:794)
at org.testng.TestRunner.run(TestRunner.java:596)
at org.testng.SuiteRunner.runTest(SuiteRunner.java:377)
at org.testng.SuiteRunner.runSequentially(SuiteRunner.java:371)
at org.testng.SuiteRunner.privateRun(SuiteRunner.java:332)
at org.testng.SuiteRunner.run(SuiteRunner.java:276)
at org.testng.SuiteRunnerWorker.runSuite(SuiteRunnerWorker.java:53)
at org.testng.SuiteRunnerWorker.run(SuiteRunnerWorker.java:96)
at org.testng.TestNG.runSuitesSequentially(TestNG.java:1212)
at org.testng.TestNG.runSuitesLocally(TestNG.java:1134)
at org.testng.TestNG.runSuites(TestNG.java:1063)
at org.testng.TestNG.run(TestNG.java:1031)
at org.testng.remote.AbstractRemoteTestNG.run(AbstractRemoteTestNG.java:115)
at org.testng.remote.RemoteTestNG.initAndRun(RemoteTestNG.java:251)
at org.testng.remote.RemoteTestNG.main(RemoteTestNG.java:77)
]]>
            </full-stacktrace>
          </exception> <!-- org.openqa.selenium.SessionNotCreatedException -->
          <reporter-output>
          </reporter-output>
        </test-method> <!-- CreatingContactwithAssignedToMarketingGroupTest -->
        <test-method is-config="true" signature="afterMethodConfiguration()[pri:0, instance:contact.CreateContactTest@209da20d]" started-at="2023-11-28T13:04:48 IST" name="afterMethodConfiguration" finished-at="1970-01-01T05:30:00 IST" duration-ms="-1701156888778" status="SKIP">
          <reporter-output>
          </reporter-output>
        </test-method> <!-- afterMethodConfiguration -->
        <test-method is-config="true" signature="beforeMethodConfiguration()[pri:0, instance:contact.CreateContactTest@209da20d]" started-at="2023-11-28T13:04:48 IST" name="beforeMethodConfiguration" finished-at="1970-01-01T05:30:00 IST" duration-ms="-1701156888782" status="SKIP">
          <reporter-output>
          </reporter-output>
        </test-method> <!-- beforeMethodConfiguration -->
        <test-method signature="CreatingContactwithAssignedToSupportGroupTest()[pri:0, instance:contact.CreateContactTest@209da20d]" started-at="2023-11-28T13:04:48 IST" name="CreatingContactwithAssignedToSupportGroupTest" finished-at="2023-11-28T13:04:48 IST" duration-ms="0" status="SKIP">
          <exception class="org.openqa.selenium.SessionNotCreatedException">
            <message>
              <![CDATA[session not created: This version of ChromeDriver only supports Chrome version 114
Current browser version is 119.0.6045.160 with binary path C:\Program Files\Google\Chrome\Application\chrome.exe
Build info: version: '3.141.59', revision: 'e82be7d358', time: '2018-11-14T08:17:03'
System info: host: 'KIRAN', ip: '192.168.137.1', os.name: 'Windows 10', os.arch: 'amd64', os.version: '10.0', java.version: '15.0.2'
Driver info: driver.version: ChromeDriver
remote stacktrace: Backtrace:
GetHandleVerifier [0x00A2A813+48355]
(No symbol) [0x009BC4B1]
(No symbol) [0x008C5358]
(No symbol) [0x008E61AC]
(No symbol) [0x008E1EF3]
(No symbol) [0x008E0579]
(No symbol) [0x00910C55]
(No symbol) [0x0091093C]
(No symbol) [0x0090A536]
(No symbol) [0x008E82DC]
(No symbol) [0x008E93DD]
GetHandleVerifier [0x00C8AABD+2539405]
GetHandleVerifier [0x00CCA78F+2800735]
GetHandleVerifier [0x00CC456C+2775612]
GetHandleVerifier [0x00AB51E0+616112]
(No symbol) [0x009C5F8C]
(No symbol) [0x009C2328]
(No symbol) [0x009C240B]
(No symbol) [0x009B4FF7]
BaseThreadInitThunk [0x767CFCC9+25]
RtlGetAppContainerNamedObjectPath [0x77D57C6E+286]
RtlGetAppContainerNamedObjectPath [0x77D57C3E+238]
]]>
            </message>
            <full-stacktrace>
              <![CDATA[org.openqa.selenium.SessionNotCreatedException: session not created: This version of ChromeDriver only supports Chrome version 114
Current browser version is 119.0.6045.160 with binary path C:\Program Files\Google\Chrome\Application\chrome.exe
Build info: version: '3.141.59', revision: 'e82be7d358', time: '2018-11-14T08:17:03'
System info: host: 'KIRAN', ip: '192.168.137.1', os.name: 'Windows 10', os.arch: 'amd64', os.version: '10.0', java.version: '15.0.2'
Driver info: driver.version: ChromeDriver
remote stacktrace: Backtrace:
GetHandleVerifier [0x00A2A813+48355]
(No symbol) [0x009BC4B1]
(No symbol) [0x008C5358]
(No symbol) [0x008E61AC]
(No symbol) [0x008E1EF3]
(No symbol) [0x008E0579]
(No symbol) [0x00910C55]
(No symbol) [0x0091093C]
(No symbol) [0x0090A536]
(No symbol) [0x008E82DC]
(No symbol) [0x008E93DD]
GetHandleVerifier [0x00C8AABD+2539405]
GetHandleVerifier [0x00CCA78F+2800735]
GetHandleVerifier [0x00CC456C+2775612]
GetHandleVerifier [0x00AB51E0+616112]
(No symbol) [0x009C5F8C]
(No symbol) [0x009C2328]
(No symbol) [0x009C240B]
(No symbol) [0x009B4FF7]
BaseThreadInitThunk [0x767CFCC9+25]
RtlGetAppContainerNamedObjectPath [0x77D57C6E+286]
RtlGetAppContainerNamedObjectPath [0x77D57C3E+238]

at java.base/jdk.internal.reflect.NativeConstructorAccessorImpl.newInstance0(Native Method)
at java.base/jdk.internal.reflect.NativeConstructorAccessorImpl.newInstance(NativeConstructorAccessorImpl.java:64)
at java.base/jdk.internal.reflect.DelegatingConstructorAccessorImpl.newInstance(DelegatingConstructorAccessorImpl.java:45)
at java.base/java.lang.reflect.Constructor.newInstanceWithCaller(Constructor.java:500)
at java.base/java.lang.reflect.Constructor.newInstance(Constructor.java:481)
at org.openqa.selenium.remote.W3CHandshakeResponse.lambda$errorHandler$0(W3CHandshakeResponse.java:62)
at org.openqa.selenium.remote.HandshakeResponse.lambda$getResponseFunction$0(HandshakeResponse.java:30)
at org.openqa.selenium.remote.ProtocolHandshake.lambda$createSession$0(ProtocolHandshake.java:126)
at java.base/java.util.stream.ReferencePipeline$3$1.accept(ReferencePipeline.java:195)
at java.base/java.util.Spliterators$ArraySpliterator.tryAdvance(Spliterators.java:958)
at java.base/java.util.stream.ReferencePipeline.forEachWithCancel(ReferencePipeline.java:127)
at java.base/java.util.stream.AbstractPipeline.copyIntoWithCancel(AbstractPipeline.java:502)
at java.base/java.util.stream.AbstractPipeline.copyInto(AbstractPipeline.java:488)
at java.base/java.util.stream.AbstractPipeline.wrapAndCopyInto(AbstractPipeline.java:474)
at java.base/java.util.stream.FindOps$FindOp.evaluateSequential(FindOps.java:150)
at java.base/java.util.stream.AbstractPipeline.evaluate(AbstractPipeline.java:234)
at java.base/java.util.stream.ReferencePipeline.findFirst(ReferencePipeline.java:543)
at org.openqa.selenium.remote.ProtocolHandshake.createSession(ProtocolHandshake.java:128)
at org.openqa.selenium.remote.ProtocolHandshake.createSession(ProtocolHandshake.java:74)
at org.openqa.selenium.remote.HttpCommandExecutor.execute(HttpCommandExecutor.java:136)
at org.openqa.selenium.remote.service.DriverCommandExecutor.execute(DriverCommandExecutor.java:83)
at org.openqa.selenium.remote.RemoteWebDriver.execute(RemoteWebDriver.java:552)
at org.openqa.selenium.remote.RemoteWebDriver.startSession(RemoteWebDriver.java:213)
at org.openqa.selenium.remote.RemoteWebDriver.<init>(RemoteWebDriver.java:131)
at org.openqa.selenium.chrome.ChromeDriver.<init>(ChromeDriver.java:181)
at org.openqa.selenium.chrome.ChromeDriver.<init>(ChromeDriver.java:168)
at org.openqa.selenium.chrome.ChromeDriver.<init>(ChromeDriver.java:123)
at com.vtiger.comcast.genericutility.library.BaseClass.beforeClassConfiguration(BaseClass.java:28)
at java.base/jdk.internal.reflect.NativeMethodAccessorImpl.invoke0(Native Method)
at java.base/jdk.internal.reflect.NativeMethodAccessorImpl.invoke(NativeMethodAccessorImpl.java:64)
at java.base/jdk.internal.reflect.DelegatingMethodAccessorImpl.invoke(DelegatingMethodAccessorImpl.java:43)
at java.base/java.lang.reflect.Method.invoke(Method.java:564)
at org.testng.internal.MethodInvocationHelper.invokeMethod(MethodInvocationHelper.java:133)
at org.testng.internal.MethodInvocationHelper.invokeMethodConsideringTimeout(MethodInvocationHelper.java:62)
at org.testng.internal.ConfigInvoker.invokeConfigurationMethod(ConfigInvoker.java:385)
at org.testng.internal.ConfigInvoker.invokeConfigurations(ConfigInvoker.java:321)
at org.testng.internal.TestMethodWorker.invokeBeforeClassMethods(TestMethodWorker.java:176)
at org.testng.internal.TestMethodWorker.run(TestMethodWorker.java:122)
at java.base/java.util.ArrayList.forEach(ArrayList.java:1511)
at org.testng.TestRunner.privateRun(TestRunner.java:794)
at org.testng.TestRunner.run(TestRunner.java:596)
at org.testng.SuiteRunner.runTest(SuiteRunner.java:377)
at org.testng.SuiteRunner.runSequentially(SuiteRunner.java:371)
at org.testng.SuiteRunner.privateRun(SuiteRunner.java:332)
at org.testng.SuiteRunner.run(SuiteRunner.java:276)
at org.testng.SuiteRunnerWorker.runSuite(SuiteRunnerWorker.java:53)
at org.testng.SuiteRunnerWorker.run(SuiteRunnerWorker.java:96)
at org.testng.TestNG.runSuitesSequentially(TestNG.java:1212)
at org.testng.TestNG.runSuitesLocally(TestNG.java:1134)
at org.testng.TestNG.runSuites(TestNG.java:1063)
at org.testng.TestNG.run(TestNG.java:1031)
at org.testng.remote.AbstractRemoteTestNG.run(AbstractRemoteTestNG.java:115)
at org.testng.remote.RemoteTestNG.initAndRun(RemoteTestNG.java:251)
at org.testng.remote.RemoteTestNG.main(RemoteTestNG.java:77)
]]>
            </full-stacktrace>
          </exception> <!-- org.openqa.selenium.SessionNotCreatedException -->
          <reporter-output>
          </reporter-output>
        </test-method> <!-- CreatingContactwithAssignedToSupportGroupTest -->
        <test-method is-config="true" signature="afterMethodConfiguration()[pri:0, instance:contact.CreateContactTest@209da20d]" started-at="2023-11-28T13:04:48 IST" name="afterMethodConfiguration" finished-at="1970-01-01T05:30:00 IST" duration-ms="-1701156888793" status="SKIP">
          <reporter-output>
          </reporter-output>
        </test-method> <!-- afterMethodConfiguration -->
        <test-method is-config="true" signature="beforeMethodConfiguration()[pri:0, instance:contact.CreateContactTest@209da20d]" started-at="2023-11-28T13:04:48 IST" name="beforeMethodConfiguration" finished-at="1970-01-01T05:30:00 IST" duration-ms="-1701156888797" status="SKIP">
          <reporter-output>
          </reporter-output>
        </test-method> <!-- beforeMethodConfiguration -->
        <test-method signature="CreatingContactwithAssignedToTeamSellingGroupTest()[pri:0, instance:contact.CreateContactTest@209da20d]" started-at="2023-11-28T13:04:48 IST" name="CreatingContactwithAssignedToTeamSellingGroupTest" finished-at="2023-11-28T13:04:48 IST" duration-ms="0" status="SKIP">
          <exception class="org.openqa.selenium.SessionNotCreatedException">
            <message>
              <![CDATA[session not created: This version of ChromeDriver only supports Chrome version 114
Current browser version is 119.0.6045.160 with binary path C:\Program Files\Google\Chrome\Application\chrome.exe
Build info: version: '3.141.59', revision: 'e82be7d358', time: '2018-11-14T08:17:03'
System info: host: 'KIRAN', ip: '192.168.137.1', os.name: 'Windows 10', os.arch: 'amd64', os.version: '10.0', java.version: '15.0.2'
Driver info: driver.version: ChromeDriver
remote stacktrace: Backtrace:
GetHandleVerifier [0x00A2A813+48355]
(No symbol) [0x009BC4B1]
(No symbol) [0x008C5358]
(No symbol) [0x008E61AC]
(No symbol) [0x008E1EF3]
(No symbol) [0x008E0579]
(No symbol) [0x00910C55]
(No symbol) [0x0091093C]
(No symbol) [0x0090A536]
(No symbol) [0x008E82DC]
(No symbol) [0x008E93DD]
GetHandleVerifier [0x00C8AABD+2539405]
GetHandleVerifier [0x00CCA78F+2800735]
GetHandleVerifier [0x00CC456C+2775612]
GetHandleVerifier [0x00AB51E0+616112]
(No symbol) [0x009C5F8C]
(No symbol) [0x009C2328]
(No symbol) [0x009C240B]
(No symbol) [0x009B4FF7]
BaseThreadInitThunk [0x767CFCC9+25]
RtlGetAppContainerNamedObjectPath [0x77D57C6E+286]
RtlGetAppContainerNamedObjectPath [0x77D57C3E+238]
]]>
            </message>
            <full-stacktrace>
              <![CDATA[org.openqa.selenium.SessionNotCreatedException: session not created: This version of ChromeDriver only supports Chrome version 114
Current browser version is 119.0.6045.160 with binary path C:\Program Files\Google\Chrome\Application\chrome.exe
Build info: version: '3.141.59', revision: 'e82be7d358', time: '2018-11-14T08:17:03'
System info: host: 'KIRAN', ip: '192.168.137.1', os.name: 'Windows 10', os.arch: 'amd64', os.version: '10.0', java.version: '15.0.2'
Driver info: driver.version: ChromeDriver
remote stacktrace: Backtrace:
GetHandleVerifier [0x00A2A813+48355]
(No symbol) [0x009BC4B1]
(No symbol) [0x008C5358]
(No symbol) [0x008E61AC]
(No symbol) [0x008E1EF3]
(No symbol) [0x008E0579]
(No symbol) [0x00910C55]
(No symbol) [0x0091093C]
(No symbol) [0x0090A536]
(No symbol) [0x008E82DC]
(No symbol) [0x008E93DD]
GetHandleVerifier [0x00C8AABD+2539405]
GetHandleVerifier [0x00CCA78F+2800735]
GetHandleVerifier [0x00CC456C+2775612]
GetHandleVerifier [0x00AB51E0+616112]
(No symbol) [0x009C5F8C]
(No symbol) [0x009C2328]
(No symbol) [0x009C240B]
(No symbol) [0x009B4FF7]
BaseThreadInitThunk [0x767CFCC9+25]
RtlGetAppContainerNamedObjectPath [0x77D57C6E+286]
RtlGetAppContainerNamedObjectPath [0x77D57C3E+238]

at java.base/jdk.internal.reflect.NativeConstructorAccessorImpl.newInstance0(Native Method)
at java.base/jdk.internal.reflect.NativeConstructorAccessorImpl.newInstance(NativeConstructorAccessorImpl.java:64)
at java.base/jdk.internal.reflect.DelegatingConstructorAccessorImpl.newInstance(DelegatingConstructorAccessorImpl.java:45)
at java.base/java.lang.reflect.Constructor.newInstanceWithCaller(Constructor.java:500)
at java.base/java.lang.reflect.Constructor.newInstance(Constructor.java:481)
at org.openqa.selenium.remote.W3CHandshakeResponse.lambda$errorHandler$0(W3CHandshakeResponse.java:62)
at org.openqa.selenium.remote.HandshakeResponse.lambda$getResponseFunction$0(HandshakeResponse.java:30)
at org.openqa.selenium.remote.ProtocolHandshake.lambda$createSession$0(ProtocolHandshake.java:126)
at java.base/java.util.stream.ReferencePipeline$3$1.accept(ReferencePipeline.java:195)
at java.base/java.util.Spliterators$ArraySpliterator.tryAdvance(Spliterators.java:958)
at java.base/java.util.stream.ReferencePipeline.forEachWithCancel(ReferencePipeline.java:127)
at java.base/java.util.stream.AbstractPipeline.copyIntoWithCancel(AbstractPipeline.java:502)
at java.base/java.util.stream.AbstractPipeline.copyInto(AbstractPipeline.java:488)
at java.base/java.util.stream.AbstractPipeline.wrapAndCopyInto(AbstractPipeline.java:474)
at java.base/java.util.stream.FindOps$FindOp.evaluateSequential(FindOps.java:150)
at java.base/java.util.stream.AbstractPipeline.evaluate(AbstractPipeline.java:234)
at java.base/java.util.stream.ReferencePipeline.findFirst(ReferencePipeline.java:543)
at org.openqa.selenium.remote.ProtocolHandshake.createSession(ProtocolHandshake.java:128)
at org.openqa.selenium.remote.ProtocolHandshake.createSession(ProtocolHandshake.java:74)
at org.openqa.selenium.remote.HttpCommandExecutor.execute(HttpCommandExecutor.java:136)
at org.openqa.selenium.remote.service.DriverCommandExecutor.execute(DriverCommandExecutor.java:83)
at org.openqa.selenium.remote.RemoteWebDriver.execute(RemoteWebDriver.java:552)
at org.openqa.selenium.remote.RemoteWebDriver.startSession(RemoteWebDriver.java:213)
at org.openqa.selenium.remote.RemoteWebDriver.<init>(RemoteWebDriver.java:131)
at org.openqa.selenium.chrome.ChromeDriver.<init>(ChromeDriver.java:181)
at org.openqa.selenium.chrome.ChromeDriver.<init>(ChromeDriver.java:168)
at org.openqa.selenium.chrome.ChromeDriver.<init>(ChromeDriver.java:123)
at com.vtiger.comcast.genericutility.library.BaseClass.beforeClassConfiguration(BaseClass.java:28)
at java.base/jdk.internal.reflect.NativeMethodAccessorImpl.invoke0(Native Method)
at java.base/jdk.internal.reflect.NativeMethodAccessorImpl.invoke(NativeMethodAccessorImpl.java:64)
at java.base/jdk.internal.reflect.DelegatingMethodAccessorImpl.invoke(DelegatingMethodAccessorImpl.java:43)
at java.base/java.lang.reflect.Method.invoke(Method.java:564)
at org.testng.internal.MethodInvocationHelper.invokeMethod(MethodInvocationHelper.java:133)
at org.testng.internal.MethodInvocationHelper.invokeMethodConsideringTimeout(MethodInvocationHelper.java:62)
at org.testng.internal.ConfigInvoker.invokeConfigurationMethod(ConfigInvoker.java:385)
at org.testng.internal.ConfigInvoker.invokeConfigurations(ConfigInvoker.java:321)
at org.testng.internal.TestMethodWorker.invokeBeforeClassMethods(TestMethodWorker.java:176)
at org.testng.internal.TestMethodWorker.run(TestMethodWorker.java:122)
at java.base/java.util.ArrayList.forEach(ArrayList.java:1511)
at org.testng.TestRunner.privateRun(TestRunner.java:794)
at org.testng.TestRunner.run(TestRunner.java:596)
at org.testng.SuiteRunner.runTest(SuiteRunner.java:377)
at org.testng.SuiteRunner.runSequentially(SuiteRunner.java:371)
at org.testng.SuiteRunner.privateRun(SuiteRunner.java:332)
at org.testng.SuiteRunner.run(SuiteRunner.java:276)
at org.testng.SuiteRunnerWorker.runSuite(SuiteRunnerWorker.java:53)
at org.testng.SuiteRunnerWorker.run(SuiteRunnerWorker.java:96)
at org.testng.TestNG.runSuitesSequentially(TestNG.java:1212)
at org.testng.TestNG.runSuitesLocally(TestNG.java:1134)
at org.testng.TestNG.runSuites(TestNG.java:1063)
at org.testng.TestNG.run(TestNG.java:1031)
at org.testng.remote.AbstractRemoteTestNG.run(AbstractRemoteTestNG.java:115)
at org.testng.remote.RemoteTestNG.initAndRun(RemoteTestNG.java:251)
at org.testng.remote.RemoteTestNG.main(RemoteTestNG.java:77)
]]>
            </full-stacktrace>
          </exception> <!-- org.openqa.selenium.SessionNotCreatedException -->
          <reporter-output>
          </reporter-output>
        </test-method> <!-- CreatingContactwithAssignedToTeamSellingGroupTest -->
        <test-method is-config="true" signature="afterMethodConfiguration()[pri:0, instance:contact.CreateContactTest@209da20d]" started-at="2023-11-28T13:04:48 IST" name="afterMethodConfiguration" finished-at="1970-01-01T05:30:00 IST" duration-ms="-1701156888810" status="SKIP">
          <reporter-output>
          </reporter-output>
        </test-method> <!-- afterMethodConfiguration -->
        <test-method is-config="true" signature="beforeMethodConfiguration()[pri:0, instance:contact.CreateContactTest@209da20d]" started-at="2023-11-28T13:04:48 IST" name="beforeMethodConfiguration" finished-at="1970-01-01T05:30:00 IST" duration-ms="-1701156888813" status="SKIP">
          <reporter-output>
          </reporter-output>
        </test-method> <!-- beforeMethodConfiguration -->
        <test-method signature="CreatingContactwithLeadSource()[pri:0, instance:contact.CreateContactTest@209da20d]" started-at="2023-11-28T13:04:48 IST" name="CreatingContactwithLeadSource" finished-at="2023-11-28T13:04:48 IST" duration-ms="0" status="SKIP">
          <exception class="org.openqa.selenium.SessionNotCreatedException">
            <message>
              <![CDATA[session not created: This version of ChromeDriver only supports Chrome version 114
Current browser version is 119.0.6045.160 with binary path C:\Program Files\Google\Chrome\Application\chrome.exe
Build info: version: '3.141.59', revision: 'e82be7d358', time: '2018-11-14T08:17:03'
System info: host: 'KIRAN', ip: '192.168.137.1', os.name: 'Windows 10', os.arch: 'amd64', os.version: '10.0', java.version: '15.0.2'
Driver info: driver.version: ChromeDriver
remote stacktrace: Backtrace:
GetHandleVerifier [0x00A2A813+48355]
(No symbol) [0x009BC4B1]
(No symbol) [0x008C5358]
(No symbol) [0x008E61AC]
(No symbol) [0x008E1EF3]
(No symbol) [0x008E0579]
(No symbol) [0x00910C55]
(No symbol) [0x0091093C]
(No symbol) [0x0090A536]
(No symbol) [0x008E82DC]
(No symbol) [0x008E93DD]
GetHandleVerifier [0x00C8AABD+2539405]
GetHandleVerifier [0x00CCA78F+2800735]
GetHandleVerifier [0x00CC456C+2775612]
GetHandleVerifier [0x00AB51E0+616112]
(No symbol) [0x009C5F8C]
(No symbol) [0x009C2328]
(No symbol) [0x009C240B]
(No symbol) [0x009B4FF7]
BaseThreadInitThunk [0x767CFCC9+25]
RtlGetAppContainerNamedObjectPath [0x77D57C6E+286]
RtlGetAppContainerNamedObjectPath [0x77D57C3E+238]
]]>
            </message>
            <full-stacktrace>
              <![CDATA[org.openqa.selenium.SessionNotCreatedException: session not created: This version of ChromeDriver only supports Chrome version 114
Current browser version is 119.0.6045.160 with binary path C:\Program Files\Google\Chrome\Application\chrome.exe
Build info: version: '3.141.59', revision: 'e82be7d358', time: '2018-11-14T08:17:03'
System info: host: 'KIRAN', ip: '192.168.137.1', os.name: 'Windows 10', os.arch: 'amd64', os.version: '10.0', java.version: '15.0.2'
Driver info: driver.version: ChromeDriver
remote stacktrace: Backtrace:
GetHandleVerifier [0x00A2A813+48355]
(No symbol) [0x009BC4B1]
(No symbol) [0x008C5358]
(No symbol) [0x008E61AC]
(No symbol) [0x008E1EF3]
(No symbol) [0x008E0579]
(No symbol) [0x00910C55]
(No symbol) [0x0091093C]
(No symbol) [0x0090A536]
(No symbol) [0x008E82DC]
(No symbol) [0x008E93DD]
GetHandleVerifier [0x00C8AABD+2539405]
GetHandleVerifier [0x00CCA78F+2800735]
GetHandleVerifier [0x00CC456C+2775612]
GetHandleVerifier [0x00AB51E0+616112]
(No symbol) [0x009C5F8C]
(No symbol) [0x009C2328]
(No symbol) [0x009C240B]
(No symbol) [0x009B4FF7]
BaseThreadInitThunk [0x767CFCC9+25]
RtlGetAppContainerNamedObjectPath [0x77D57C6E+286]
RtlGetAppContainerNamedObjectPath [0x77D57C3E+238]

at java.base/jdk.internal.reflect.NativeConstructorAccessorImpl.newInstance0(Native Method)
at java.base/jdk.internal.reflect.NativeConstructorAccessorImpl.newInstance(NativeConstructorAccessorImpl.java:64)
at java.base/jdk.internal.reflect.DelegatingConstructorAccessorImpl.newInstance(DelegatingConstructorAccessorImpl.java:45)
at java.base/java.lang.reflect.Constructor.newInstanceWithCaller(Constructor.java:500)
at java.base/java.lang.reflect.Constructor.newInstance(Constructor.java:481)
at org.openqa.selenium.remote.W3CHandshakeResponse.lambda$errorHandler$0(W3CHandshakeResponse.java:62)
at org.openqa.selenium.remote.HandshakeResponse.lambda$getResponseFunction$0(HandshakeResponse.java:30)
at org.openqa.selenium.remote.ProtocolHandshake.lambda$createSession$0(ProtocolHandshake.java:126)
at java.base/java.util.stream.ReferencePipeline$3$1.accept(ReferencePipeline.java:195)
at java.base/java.util.Spliterators$ArraySpliterator.tryAdvance(Spliterators.java:958)
at java.base/java.util.stream.ReferencePipeline.forEachWithCancel(ReferencePipeline.java:127)
at java.base/java.util.stream.AbstractPipeline.copyIntoWithCancel(AbstractPipeline.java:502)
at java.base/java.util.stream.AbstractPipeline.copyInto(AbstractPipeline.java:488)
at java.base/java.util.stream.AbstractPipeline.wrapAndCopyInto(AbstractPipeline.java:474)
at java.base/java.util.stream.FindOps$FindOp.evaluateSequential(FindOps.java:150)
at java.base/java.util.stream.AbstractPipeline.evaluate(AbstractPipeline.java:234)
at java.base/java.util.stream.ReferencePipeline.findFirst(ReferencePipeline.java:543)
at org.openqa.selenium.remote.ProtocolHandshake.createSession(ProtocolHandshake.java:128)
at org.openqa.selenium.remote.ProtocolHandshake.createSession(ProtocolHandshake.java:74)
at org.openqa.selenium.remote.HttpCommandExecutor.execute(HttpCommandExecutor.java:136)
at org.openqa.selenium.remote.service.DriverCommandExecutor.execute(DriverCommandExecutor.java:83)
at org.openqa.selenium.remote.RemoteWebDriver.execute(RemoteWebDriver.java:552)
at org.openqa.selenium.remote.RemoteWebDriver.startSession(RemoteWebDriver.java:213)
at org.openqa.selenium.remote.RemoteWebDriver.<init>(RemoteWebDriver.java:131)
at org.openqa.selenium.chrome.ChromeDriver.<init>(ChromeDriver.java:181)
at org.openqa.selenium.chrome.ChromeDriver.<init>(ChromeDriver.java:168)
at org.openqa.selenium.chrome.ChromeDriver.<init>(ChromeDriver.java:123)
at com.vtiger.comcast.genericutility.library.BaseClass.beforeClassConfiguration(BaseClass.java:28)
at java.base/jdk.internal.reflect.NativeMethodAccessorImpl.invoke0(Native Method)
at java.base/jdk.internal.reflect.NativeMethodAccessorImpl.invoke(NativeMethodAccessorImpl.java:64)
at java.base/jdk.internal.reflect.DelegatingMethodAccessorImpl.invoke(DelegatingMethodAccessorImpl.java:43)
at java.base/java.lang.reflect.Method.invoke(Method.java:564)
at org.testng.internal.MethodInvocationHelper.invokeMethod(MethodInvocationHelper.java:133)
at org.testng.internal.MethodInvocationHelper.invokeMethodConsideringTimeout(MethodInvocationHelper.java:62)
at org.testng.internal.ConfigInvoker.invokeConfigurationMethod(ConfigInvoker.java:385)
at org.testng.internal.ConfigInvoker.invokeConfigurations(ConfigInvoker.java:321)
at org.testng.internal.TestMethodWorker.invokeBeforeClassMethods(TestMethodWorker.java:176)
at org.testng.internal.TestMethodWorker.run(TestMethodWorker.java:122)
at java.base/java.util.ArrayList.forEach(ArrayList.java:1511)
at org.testng.TestRunner.privateRun(TestRunner.java:794)
at org.testng.TestRunner.run(TestRunner.java:596)
at org.testng.SuiteRunner.runTest(SuiteRunner.java:377)
at org.testng.SuiteRunner.runSequentially(SuiteRunner.java:371)
at org.testng.SuiteRunner.privateRun(SuiteRunner.java:332)
at org.testng.SuiteRunner.run(SuiteRunner.java:276)
at org.testng.SuiteRunnerWorker.runSuite(SuiteRunnerWorker.java:53)
at org.testng.SuiteRunnerWorker.run(SuiteRunnerWorker.java:96)
at org.testng.TestNG.runSuitesSequentially(TestNG.java:1212)
at org.testng.TestNG.runSuitesLocally(TestNG.java:1134)
at org.testng.TestNG.runSuites(TestNG.java:1063)
at org.testng.TestNG.run(TestNG.java:1031)
at org.testng.remote.AbstractRemoteTestNG.run(AbstractRemoteTestNG.java:115)
at org.testng.remote.RemoteTestNG.initAndRun(RemoteTestNG.java:251)
at org.testng.remote.RemoteTestNG.main(RemoteTestNG.java:77)
]]>
            </full-stacktrace>
          </exception> <!-- org.openqa.selenium.SessionNotCreatedException -->
          <reporter-output>
          </reporter-output>
        </test-method> <!-- CreatingContactwithLeadSource -->
        <test-method is-config="true" signature="afterMethodConfiguration()[pri:0, instance:contact.CreateContactTest@209da20d]" started-at="2023-11-28T13:04:48 IST" name="afterMethodConfiguration" finished-at="1970-01-01T05:30:00 IST" duration-ms="-1701156888828" status="SKIP">
          <reporter-output>
          </reporter-output>
        </test-method> <!-- afterMethodConfiguration -->
        <test-method is-config="true" signature="afterClassConfiguration()[pri:0, instance:contact.CreateContactTest@209da20d]" started-at="2023-11-28T13:04:48 IST" name="afterClassConfiguration" finished-at="1970-01-01T05:30:00 IST" duration-ms="-1701156888833" status="SKIP">
          <reporter-output>
          </reporter-output>
        </test-method> <!-- afterClassConfiguration -->
      </class> <!-- contact.CreateContactTest -->
    </test> <!-- Default test -->
  </suite> <!-- Default suite -->
</testng-results>
