<?xml version="1.0" encoding="UTF-8"?>
<testng-results ignored="0" total="5" passed="4" failed="1" skipped="0">
  <reporter-output>
  </reporter-output>
  <suite started-at="2023-11-28T13:23:07 IST" name="Default suite" finished-at="2023-11-28T13:25:55 IST" duration-ms="167789">
    <groups>
      <group name="smoke-testing">
        <method signature="CreateContactTest.CreatingContactwithLeadSource()[pri:0, instance:contact.CreateContactTest@209da20d]" name="CreatingContactwithLeadSource" class="contact.CreateContactTest"/>
      </group> <!-- smoke-testing -->
      <group name="regression-testing">
        <method signature="CreateContactTest.CreatingContactwithAssignedToAdministratorTest()[pri:0, instance:contact.CreateContactTest@209da20d]" name="CreatingContactwithAssignedToAdministratorTest" class="contact.CreateContactTest"/>
        <method signature="CreateContactTest.CreatingContactwithAssignedToMarketingGroupTest()[pri:0, instance:contact.CreateContactTest@209da20d]" name="CreatingContactwithAssignedToMarketingGroupTest" class="contact.CreateContactTest"/>
        <method signature="CreateContactTest.CreatingContactwithAssignedToSupportGroupTest()[pri:0, instance:contact.CreateContactTest@209da20d]" name="CreatingContactwithAssignedToSupportGroupTest" class="contact.CreateContactTest"/>
        <method signature="CreateContactTest.CreatingContactwithAssignedToTeamSellingGroupTest()[pri:0, instance:contact.CreateContactTest@209da20d]" name="CreatingContactwithAssignedToTeamSellingGroupTest" class="contact.CreateContactTest"/>
        <method signature="CreateContactTest.CreatingContactwithLeadSource()[pri:0, instance:contact.CreateContactTest@209da20d]" name="CreatingContactwithLeadSource" class="contact.CreateContactTest"/>
      </group> <!-- regression-testing -->
    </groups>
    <test started-at="2023-11-28T13:23:07 IST" name="Default test" finished-at="2023-11-28T13:25:55 IST" duration-ms="167789">
      <class name="contact.CreateContactTest">
        <test-method is-config="true" signature="beforeClassConfiguration()[pri:0, instance:contact.CreateContactTest@209da20d]" started-at="2023-11-28T13:23:08 IST" name="beforeClassConfiguration" finished-at="2023-11-28T13:23:28 IST" duration-ms="20171" status="PASS">
          <reporter-output>
          </reporter-output>
        </test-method> <!-- beforeClassConfiguration -->
        <test-method is-config="true" signature="beforeMethodConfiguration()[pri:0, instance:contact.CreateContactTest@209da20d]" started-at="2023-11-28T13:23:28 IST" name="beforeMethodConfiguration" finished-at="2023-11-28T13:23:43 IST" duration-ms="14818" status="PASS">
          <reporter-output>
          </reporter-output>
        </test-method> <!-- beforeMethodConfiguration -->
        <test-method signature="CreatingContactwithAssignedToAdministratorTest()[pri:0, instance:contact.CreateContactTest@209da20d]" started-at="2023-11-28T13:23:43 IST" name="CreatingContactwithAssignedToAdministratorTest" finished-at="2023-11-28T13:24:19 IST" duration-ms="36672" status="FAIL">
          <exception class="java.lang.AssertionError">
            <message>
              <![CDATA[Assigned to  is Not correct expected [true] but found [false]]]>
            </message>
            <full-stacktrace>
              <![CDATA[java.lang.AssertionError: Assigned to  is Not correct expected [true] but found [false]
at org.testng.Assert.fail(Assert.java:99)
at org.testng.Assert.failNotEquals(Assert.java:1037)
at org.testng.Assert.assertTrue(Assert.java:45)
at contact.CreateContactTest.CreatingContactwithAssignedToAdministratorTest(CreateContactTest.java:61)
at java.base/jdk.internal.reflect.NativeMethodAccessorImpl.invoke0(Native Method)
at java.base/jdk.internal.reflect.NativeMethodAccessorImpl.invoke(NativeMethodAccessorImpl.java:64)
at java.base/jdk.internal.reflect.DelegatingMethodAccessorImpl.invoke(DelegatingMethodAccessorImpl.java:43)
at java.base/java.lang.reflect.Method.invoke(Method.java:564)
at org.testng.internal.MethodInvocationHelper.invokeMethod(MethodInvocationHelper.java:133)
at org.testng.internal.TestInvoker.invokeMethod(TestInvoker.java:598)
at org.testng.internal.TestInvoker.invokeTestMethod(TestInvoker.java:173)
at org.testng.internal.MethodRunner.runInSequence(MethodRunner.java:46)
at org.testng.internal.TestInvoker$MethodInvocationAgent.invoke(TestInvoker.java:824)
at org.testng.internal.TestInvoker.invokeTestMethods(TestInvoker.java:146)
at org.testng.internal.TestMethodWorker.invokeTestMethods(TestMethodWorker.java:146)
at org.testng.internal.TestMethodWorker.run(TestMethodWorker.java:128)
at java.base/java.util.ArrayList.forEach(ArrayList.java:1511)
at org.testng.TestRunner.privateRun(TestRunner.java:794)
at org.testng.TestRunner.run(TestRunner.java:596)
at org.testng.SuiteRunner.runTest(SuiteRunner.java:377)
at org.testng.SuiteRunner.runSequentially(SuiteRunner.java:371)
at org.testng.SuiteRunner.privateRun(SuiteRunner.java:332)
at org.testng.SuiteRunner.run(SuiteRunner.java:276)
at org.testng.SuiteRunnerWorker.runSuite(SuiteRunnerWorker.java:53)
at org.testng.SuiteRunnerWorker.run(SuiteRunnerWorker.java:96)
at org.testng.TestNG.runSuitesSequentially(TestNG.java:1212)
at org.testng.TestNG.runSuitesLocally(TestNG.java:1134)
at org.testng.TestNG.runSuites(TestNG.java:1063)
at org.testng.TestNG.run(TestNG.java:1031)
at org.testng.remote.AbstractRemoteTestNG.run(AbstractRemoteTestNG.java:115)
at org.testng.remote.RemoteTestNG.initAndRun(RemoteTestNG.java:251)
at org.testng.remote.RemoteTestNG.main(RemoteTestNG.java:77)
]]>
            </full-stacktrace>
          </exception> <!-- java.lang.AssertionError -->
          <reporter-output>
          </reporter-output>
        </test-method> <!-- CreatingContactwithAssignedToAdministratorTest -->
        <test-method is-config="true" signature="afterMethodConfiguration()[pri:0, instance:contact.CreateContactTest@209da20d]" started-at="2023-11-28T13:24:20 IST" name="afterMethodConfiguration" finished-at="2023-11-28T13:24:22 IST" duration-ms="2404" status="PASS">
          <reporter-output>
          </reporter-output>
        </test-method> <!-- afterMethodConfiguration -->
        <test-method is-config="true" signature="beforeMethodConfiguration()[pri:0, instance:contact.CreateContactTest@209da20d]" started-at="2023-11-28T13:24:22 IST" name="beforeMethodConfiguration" finished-at="2023-11-28T13:24:26 IST" duration-ms="3774" status="PASS">
          <reporter-output>
          </reporter-output>
        </test-method> <!-- beforeMethodConfiguration -->
        <test-method signature="CreatingContactwithAssignedToMarketingGroupTest()[pri:0, instance:contact.CreateContactTest@209da20d]" started-at="2023-11-28T13:24:26 IST" name="CreatingContactwithAssignedToMarketingGroupTest" finished-at="2023-11-28T13:24:51 IST" duration-ms="25718" status="PASS">
          <reporter-output>
          </reporter-output>
        </test-method> <!-- CreatingContactwithAssignedToMarketingGroupTest -->
        <test-method is-config="true" signature="afterMethodConfiguration()[pri:0, instance:contact.CreateContactTest@209da20d]" started-at="2023-11-28T13:24:51 IST" name="afterMethodConfiguration" finished-at="2023-11-28T13:24:53 IST" duration-ms="1835" status="PASS">
          <reporter-output>
          </reporter-output>
        </test-method> <!-- afterMethodConfiguration -->
        <test-method is-config="true" signature="beforeMethodConfiguration()[pri:0, instance:contact.CreateContactTest@209da20d]" started-at="2023-11-28T13:24:53 IST" name="beforeMethodConfiguration" finished-at="2023-11-28T13:24:57 IST" duration-ms="3399" status="PASS">
          <reporter-output>
          </reporter-output>
        </test-method> <!-- beforeMethodConfiguration -->
        <test-method signature="CreatingContactwithAssignedToSupportGroupTest()[pri:0, instance:contact.CreateContactTest@209da20d]" started-at="2023-11-28T13:24:57 IST" name="CreatingContactwithAssignedToSupportGroupTest" finished-at="2023-11-28T13:25:12 IST" duration-ms="14931" status="PASS">
          <reporter-output>
          </reporter-output>
        </test-method> <!-- CreatingContactwithAssignedToSupportGroupTest -->
        <test-method is-config="true" signature="afterMethodConfiguration()[pri:0, instance:contact.CreateContactTest@209da20d]" started-at="2023-11-28T13:25:12 IST" name="afterMethodConfiguration" finished-at="2023-11-28T13:25:13 IST" duration-ms="1674" status="PASS">
          <reporter-output>
          </reporter-output>
        </test-method> <!-- afterMethodConfiguration -->
        <test-method is-config="true" signature="beforeMethodConfiguration()[pri:0, instance:contact.CreateContactTest@209da20d]" started-at="2023-11-28T13:25:13 IST" name="beforeMethodConfiguration" finished-at="2023-11-28T13:25:20 IST" duration-ms="6533" status="PASS">
          <reporter-output>
          </reporter-output>
        </test-method> <!-- beforeMethodConfiguration -->
        <test-method signature="CreatingContactwithAssignedToTeamSellingGroupTest()[pri:0, instance:contact.CreateContactTest@209da20d]" started-at="2023-11-28T13:25:20 IST" name="CreatingContactwithAssignedToTeamSellingGroupTest" finished-at="2023-11-28T13:25:31 IST" duration-ms="11525" status="PASS">
          <reporter-output>
          </reporter-output>
        </test-method> <!-- CreatingContactwithAssignedToTeamSellingGroupTest -->
        <test-method is-config="true" signature="afterMethodConfiguration()[pri:0, instance:contact.CreateContactTest@209da20d]" started-at="2023-11-28T13:25:31 IST" name="afterMethodConfiguration" finished-at="2023-11-28T13:25:33 IST" duration-ms="1947" status="PASS">
          <reporter-output>
          </reporter-output>
        </test-method> <!-- afterMethodConfiguration -->
        <test-method is-config="true" signature="beforeMethodConfiguration()[pri:0, instance:contact.CreateContactTest@209da20d]" started-at="2023-11-28T13:25:33 IST" name="beforeMethodConfiguration" finished-at="2023-11-28T13:25:37 IST" duration-ms="3756" status="PASS">
          <reporter-output>
          </reporter-output>
        </test-method> <!-- beforeMethodConfiguration -->
        <test-method signature="CreatingContactwithLeadSource()[pri:0, instance:contact.CreateContactTest@209da20d]" started-at="2023-11-28T13:25:37 IST" name="CreatingContactwithLeadSource" finished-at="2023-11-28T13:25:52 IST" duration-ms="15224" status="PASS">
          <reporter-output>
          </reporter-output>
        </test-method> <!-- CreatingContactwithLeadSource -->
        <test-method is-config="true" signature="afterMethodConfiguration()[pri:0, instance:contact.CreateContactTest@209da20d]" started-at="2023-11-28T13:25:52 IST" name="afterMethodConfiguration" finished-at="2023-11-28T13:25:54 IST" duration-ms="1919" status="PASS">
          <reporter-output>
          </reporter-output>
        </test-method> <!-- afterMethodConfiguration -->
        <test-method is-config="true" signature="afterClassConfiguration()[pri:0, instance:contact.CreateContactTest@209da20d]" started-at="2023-11-28T13:25:54 IST" name="afterClassConfiguration" finished-at="2023-11-28T13:25:55 IST" duration-ms="1081" status="PASS">
          <reporter-output>
          </reporter-output>
        </test-method> <!-- afterClassConfiguration -->
      </class> <!-- contact.CreateContactTest -->
    </test> <!-- Default test -->
  </suite> <!-- Default suite -->
</testng-results>
